
> ai-content-automation-frontend@1.0.0 build
> tsc --project tsconfig.build.json && vite build

vite v5.4.20 building for production...
transforming...
✓ 14810 modules transformed.
warnings when minifying css:
▲ [WARNING] Unexpected "/" [css-syntax-error]

    <stdin>:666:1:
      666 │ }/
          ╵  ^


rendering chunks...
computing gzip size...
dist/registerSW.js                                          0.13 kB
dist/manifest.webmanifest                                   0.37 kB
dist/index.html                                             4.42 kB │ gzip:   1.48 kB
dist/assets/page-workflows-VPIf1dxr.css                     0.09 kB │ gzip:   0.10 kB
dist/assets/components-internationalization-DGFq6Qw2.css    2.63 kB │ gzip:   0.96 kB
dist/assets/page-settings-CfKYiGL8.css                      2.78 kB │ gzip:   0.71 kB
dist/assets/react-vendor-GNLSjkBZ.css                      14.16 kB │ gzip:   2.67 kB
dist/assets/index-C8R1ex2b.css                             20.80 kB │ gzip:   4.20 kB
dist/assets/page-pricing-B0jpG741.js                        0.35 kB │ gzip:   0.25 kB
dist/assets/page-analytics-tva92k0I.js                      0.64 kB │ gzip:   0.40 kB
dist/assets/chunk-BM1Lsbyd.js                               3.26 kB │ gzip:   1.23 kB
dist/assets/chunk-DmSmw8hV.js                               7.58 kB │ gzip:   2.63 kB
dist/assets/chunk-Cfeq1AJa.js                               9.81 kB │ gzip:   3.24 kB
dist/assets/page-templates-CPP335Bj.js                     10.48 kB │ gzip:   3.45 kB
dist/assets/chunk-BuEQHG1H.js                              10.61 kB │ gzip:   3.20 kB
dist/assets/page-Dashboard.tsx-7SNeIYke.js                 11.55 kB │ gzip:   3.45 kB
dist/assets/chunk-CtSgpSXQ.js                              13.79 kB │ gzip:   3.91 kB
dist/assets/index-DLcSvM13.js                              15.76 kB │ gzip:   5.25 kB
dist/assets/chunk-Dzb1Cvrr.js                              16.30 kB │ gzip:   4.60 kB
dist/assets/chunk-C_LnA09V.js                              16.76 kB │ gzip:   7.28 kB
dist/assets/chunk-C6aYbt9g.js                              17.59 kB │ gzip:   4.98 kB
dist/assets/chunk-Bvd01KW-.js                              24.08 kB │ gzip:   7.64 kB
dist/assets/chunk-CmlhCfuo.js                              27.90 kB │ gzip:   8.53 kB
dist/assets/page-settings-W6hi5GiI.js                      32.89 kB │ gzip:   8.51 kB
dist/assets/chunk-CDdLZsbF.js                              59.27 kB │ gzip:  17.93 kB
dist/assets/chunk--8u-zo6K.js                              60.18 kB │ gzip:  12.71 kB
dist/assets/chunk-Bx2jkejS.js                              75.68 kB │ gzip:  17.14 kB
dist/assets/chunk-CIGf6wXt.js                             328.72 kB │ gzip: 102.42 kB
dist/assets/chunk-C96l0PCf.js                             470.65 kB │ gzip: 135.26 kB
dist/assets/chunk-D5zxPqeI.js                             656.15 kB │ gzip: 184.70 kB
✓ built in 8.35s
